<?xml version="1.0" encoding="UTF-8"?>
<testsuite name="Test-20200124141523" tests="1" file=".py" time="5.509" timestamp="2020-01-24T14:15:31" failures="0" errors="1" skipped="0">
	<testcase classname="Test" name="test_login_form_validations" time="5.509" timestamp="2020-01-24T14:15:31" file="unittests\unity.py" line="17">
		<error type="NameError" message="name 'By' is not defined"><![CDATA[Traceback (most recent call last):
  File "c:/Users/srdesai/VeativeWebVR/unittests/unity.py", line 35, in test_login_form_validations
    button = self.driver.find_element(By.xpath(clicable));
NameError: name 'By' is not defined
]]></error>
		<system-out><![CDATA[]]></system-out>
		<system-err><![CDATA[]]></system-err>
	</testcase>
</testsuite>
