<?xml version="1.0" encoding="UTF-8"?>
<testsuite name="Test-20200124124038" tests="1" file=".py" time="6.330" timestamp="2020-01-24T12:40:47" failures="0" errors="1" skipped="0">
	<testcase classname="Test" name="test_login_form_validations" time="6.330" timestamp="2020-01-24T12:40:47" file="unittests\unity.py" line="17">
		<error type="NameError" message="name 'driver' is not defined"><![CDATA[Traceback (most recent call last):
  File "c:/Users/srdesai/VeativeWebVR/unittests/unity.py", line 33, in test_login_form_validations
    driver.findElement(By.cssSelector("//div[@class='col-lg-12 actual-box']//div[1]//a[1]//div[1]//img[1]")).click();
NameError: name 'driver' is not defined
]]></error>
		<system-out><![CDATA[]]></system-out>
		<system-err><![CDATA[]]></system-err>
	</testcase>
</testsuite>
