<?xml version="1.0" encoding="UTF-8"?>
<testsuite name="Test-20200124135054" tests="1" file=".py" time="10.106" timestamp="2020-01-24T13:51:07" failures="0" errors="1" skipped="0">
	<testcase classname="Test" name="test_login_form_validations" time="10.106" timestamp="2020-01-24T13:51:07" file="unittests\unity.py" line="17">
		<error type="AttributeError" message="'builtin_function_or_method' object has no attribute 'sleep'"><![CDATA[Traceback (most recent call last):
  File "c:/Users/srdesai/VeativeWebVR/unittests/unity.py", line 40, in test_login_form_validations
    sleep.sleep(10)
AttributeError: 'builtin_function_or_method' object has no attribute 'sleep'
]]></error>
		<system-out><![CDATA[]]></system-out>
		<system-err><![CDATA[]]></system-err>
	</testcase>
</testsuite>
